[22:13:21] [main/INFO]: Found new data pack file/bukkit, loading it automatically
[22:13:21] [main/INFO]: Reloading ResourceManager: Default, bukkit
[22:13:22] [Worker-Main-6/INFO]: Loaded 7 recipes
[22:13:24] [Server thread/INFO]: Starting minecraft server version 1.16.3
[22:13:24] [Server thread/INFO]: Loading properties
[22:13:25] [Server thread/INFO]: This server is running CraftBukkit version git-Spigot-2740d5a-890130b (MC: 1.16.3) (Implementing API version 1.16.3-R0.1-SNAPSHOT)
[22:13:25] [Server thread/INFO]: Debug logging is disabled
[22:13:25] [Server thread/INFO]: Using 4 threads for Netty based IO
[22:13:25] [Server thread/INFO]: Server Ping Player Sample Count: 12
[22:13:25] [Server thread/INFO]: Default game type: CREATIVE
[22:13:25] [Server thread/INFO]: Generating keypair
[22:13:25] [Server thread/INFO]: Starting Minecraft server on *:25565
[22:13:25] [Server thread/INFO]: Using default channel type
[22:13:28] [Server thread/WARN]: Initializing Legacy Material Support. Unless you have legacy plugins and/or data this is a bug!
[22:13:30] [Server thread/WARN]: Legacy plugin SetSpawn v3.4 does not specify an api-version.
[22:13:30] [Server thread/WARN]: Legacy plugin RaspberryJuice v1.12.1 does not specify an api-version.
[22:13:30] [Server thread/INFO]: [SetSpawn] Loading SetSpawn v3.4
[22:13:30] [Server thread/INFO]: [RaspberryJuice] Loading RaspberryJuice v1.12.1
[22:13:30] [Server thread/INFO]: Preparing level "world"
[22:13:30] [Server thread/INFO]: -------- World Settings For [world] --------
[22:13:30] [Server thread/INFO]: Custom Map Seeds:  Village: 10387312 Desert: 14357617 Igloo: 14357618 Jungle: 14357619 Swamp: 14357620 Monument: 10387313 Ocean: 14357621 Shipwreck: 165745295 End City: 10387313 Slime: 987234911 Bastion: 30084232 Fortress: 30084232 Mansion: 10387319 Fossil: 14357921 Portal: 34222645
[22:13:30] [Server thread/INFO]: Entity Tracking Range: Pl 48 / An 48 / Mo 48 / Mi 32 / Other 64
[22:13:30] [Server thread/INFO]: Allow Zombie Pigmen to spawn from portal blocks: true
[22:13:30] [Server thread/INFO]: Item Despawn Rate: 6000
[22:13:30] [Server thread/INFO]: Item Merge Radius: 2.5
[22:13:30] [Server thread/INFO]: View Distance: 10
[22:13:30] [Server thread/INFO]: Tile Max Tick Time: 50ms Entity max Tick Time: 50ms
[22:13:30] [Server thread/INFO]: Max TNT Explosions: 100
[22:13:30] [Server thread/INFO]: Arrow Despawn Rate: 1200 Trident Respawn Rate:1200
[22:13:30] [Server thread/INFO]: Nerfing mobs spawned from spawners: false
[22:13:30] [Server thread/INFO]: Zombie Aggressive Towards Villager: true
[22:13:30] [Server thread/INFO]: Entity Activation Range: An 32 / Mo 32 / Ra 48 / Mi 16 / Tiv true
[22:13:30] [Server thread/INFO]: Hopper Transfer: 8 Hopper Check: 1 Hopper Amount: 1
[22:13:30] [Server thread/INFO]: Cactus Growth Modifier: 100%
[22:13:30] [Server thread/INFO]: Cane Growth Modifier: 100%
[22:13:30] [Server thread/INFO]: Melon Growth Modifier: 100%
[22:13:30] [Server thread/INFO]: Mushroom Growth Modifier: 100%
[22:13:30] [Server thread/INFO]: Pumpkin Growth Modifier: 100%
[22:13:30] [Server thread/INFO]: Sapling Growth Modifier: 100%
[22:13:30] [Server thread/INFO]: Beetroot Growth Modifier: 100%
[22:13:30] [Server thread/INFO]: Carrot Growth Modifier: 100%
[22:13:30] [Server thread/INFO]: Potato Growth Modifier: 100%
[22:13:30] [Server thread/INFO]: Wheat Growth Modifier: 100%
[22:13:30] [Server thread/INFO]: NetherWart Growth Modifier: 100%
[22:13:30] [Server thread/INFO]: Vine Growth Modifier: 100%
[22:13:30] [Server thread/INFO]: Cocoa Growth Modifier: 100%
[22:13:30] [Server thread/INFO]: Bamboo Growth Modifier: 100%
[22:13:30] [Server thread/INFO]: SweetBerry Growth Modifier: 100%
[22:13:30] [Server thread/INFO]: Kelp Growth Modifier: 100%
[22:13:30] [Server thread/INFO]: Experience Merge Radius: 3.0
[22:13:30] [Server thread/INFO]: Mob Spawn Range: 6
[22:13:36] [Server thread/INFO]: -------- World Settings For [world_nether] --------
[22:13:36] [Server thread/INFO]: Custom Map Seeds:  Village: 10387312 Desert: 14357617 Igloo: 14357618 Jungle: 14357619 Swamp: 14357620 Monument: 10387313 Ocean: 14357621 Shipwreck: 165745295 End City: 10387313 Slime: 987234911 Bastion: 30084232 Fortress: 30084232 Mansion: 10387319 Fossil: 14357921 Portal: 34222645
[22:13:36] [Server thread/INFO]: Entity Tracking Range: Pl 48 / An 48 / Mo 48 / Mi 32 / Other 64
[22:13:36] [Server thread/INFO]: Allow Zombie Pigmen to spawn from portal blocks: true
[22:13:36] [Server thread/INFO]: Item Despawn Rate: 6000
[22:13:36] [Server thread/INFO]: Item Merge Radius: 2.5
[22:13:36] [Server thread/INFO]: View Distance: 10
[22:13:36] [Server thread/INFO]: Tile Max Tick Time: 50ms Entity max Tick Time: 50ms
[22:13:36] [Server thread/INFO]: Max TNT Explosions: 100
[22:13:36] [Server thread/INFO]: Arrow Despawn Rate: 1200 Trident Respawn Rate:1200
[22:13:36] [Server thread/INFO]: Nerfing mobs spawned from spawners: false
[22:13:36] [Server thread/INFO]: Zombie Aggressive Towards Villager: true
[22:13:36] [Server thread/INFO]: Entity Activation Range: An 32 / Mo 32 / Ra 48 / Mi 16 / Tiv true
[22:13:36] [Server thread/INFO]: Hopper Transfer: 8 Hopper Check: 1 Hopper Amount: 1
[22:13:36] [Server thread/INFO]: Cactus Growth Modifier: 100%
[22:13:36] [Server thread/INFO]: Cane Growth Modifier: 100%
[22:13:36] [Server thread/INFO]: Melon Growth Modifier: 100%
[22:13:36] [Server thread/INFO]: Mushroom Growth Modifier: 100%
[22:13:36] [Server thread/INFO]: Pumpkin Growth Modifier: 100%
[22:13:36] [Server thread/INFO]: Sapling Growth Modifier: 100%
[22:13:36] [Server thread/INFO]: Beetroot Growth Modifier: 100%
[22:13:36] [Server thread/INFO]: Carrot Growth Modifier: 100%
[22:13:36] [Server thread/INFO]: Potato Growth Modifier: 100%
[22:13:36] [Server thread/INFO]: Wheat Growth Modifier: 100%
[22:13:36] [Server thread/INFO]: NetherWart Growth Modifier: 100%
[22:13:36] [Server thread/INFO]: Vine Growth Modifier: 100%
[22:13:36] [Server thread/INFO]: Cocoa Growth Modifier: 100%
[22:13:36] [Server thread/INFO]: Bamboo Growth Modifier: 100%
[22:13:36] [Server thread/INFO]: SweetBerry Growth Modifier: 100%
[22:13:36] [Server thread/INFO]: Kelp Growth Modifier: 100%
[22:13:36] [Server thread/INFO]: Experience Merge Radius: 3.0
[22:13:36] [Server thread/INFO]: Mob Spawn Range: 6
[22:13:36] [Server thread/WARN]: Unable to find spawn biome
[22:13:38] [Server thread/INFO]: -------- World Settings For [world_the_end] --------
[22:13:38] [Server thread/INFO]: Custom Map Seeds:  Village: 10387312 Desert: 14357617 Igloo: 14357618 Jungle: 14357619 Swamp: 14357620 Monument: 10387313 Ocean: 14357621 Shipwreck: 165745295 End City: 10387313 Slime: 987234911 Bastion: 30084232 Fortress: 30084232 Mansion: 10387319 Fossil: 14357921 Portal: 34222645
[22:13:38] [Server thread/INFO]: Entity Tracking Range: Pl 48 / An 48 / Mo 48 / Mi 32 / Other 64
[22:13:38] [Server thread/INFO]: Allow Zombie Pigmen to spawn from portal blocks: true
[22:13:38] [Server thread/INFO]: Item Despawn Rate: 6000
[22:13:38] [Server thread/INFO]: Item Merge Radius: 2.5
[22:13:38] [Server thread/INFO]: View Distance: 10
[22:13:38] [Server thread/INFO]: Tile Max Tick Time: 50ms Entity max Tick Time: 50ms
[22:13:38] [Server thread/INFO]: Max TNT Explosions: 100
[22:13:38] [Server thread/INFO]: Arrow Despawn Rate: 1200 Trident Respawn Rate:1200
[22:13:38] [Server thread/INFO]: Nerfing mobs spawned from spawners: false
[22:13:38] [Server thread/INFO]: Zombie Aggressive Towards Villager: true
[22:13:38] [Server thread/INFO]: Entity Activation Range: An 32 / Mo 32 / Ra 48 / Mi 16 / Tiv true
[22:13:38] [Server thread/INFO]: Hopper Transfer: 8 Hopper Check: 1 Hopper Amount: 1
[22:13:38] [Server thread/INFO]: Cactus Growth Modifier: 100%
[22:13:38] [Server thread/INFO]: Cane Growth Modifier: 100%
[22:13:38] [Server thread/INFO]: Melon Growth Modifier: 100%
[22:13:38] [Server thread/INFO]: Mushroom Growth Modifier: 100%
[22:13:38] [Server thread/INFO]: Pumpkin Growth Modifier: 100%
[22:13:38] [Server thread/INFO]: Sapling Growth Modifier: 100%
[22:13:38] [Server thread/INFO]: Beetroot Growth Modifier: 100%
[22:13:38] [Server thread/INFO]: Carrot Growth Modifier: 100%
[22:13:38] [Server thread/INFO]: Potato Growth Modifier: 100%
[22:13:38] [Server thread/INFO]: Wheat Growth Modifier: 100%
[22:13:38] [Server thread/INFO]: NetherWart Growth Modifier: 100%
[22:13:38] [Server thread/INFO]: Vine Growth Modifier: 100%
[22:13:38] [Server thread/INFO]: Cocoa Growth Modifier: 100%
[22:13:38] [Server thread/INFO]: Bamboo Growth Modifier: 100%
[22:13:38] [Server thread/INFO]: SweetBerry Growth Modifier: 100%
[22:13:38] [Server thread/INFO]: Kelp Growth Modifier: 100%
[22:13:38] [Server thread/INFO]: Experience Merge Radius: 3.0
[22:13:38] [Server thread/INFO]: Mob Spawn Range: 6
[22:13:38] [Server thread/WARN]: Unable to find spawn biome
[22:13:38] [Server thread/INFO]: Preparing start region for dimension minecraft:overworld
[22:13:38] [Worker-Main-8/INFO]: Preparing spawn area: 0%
[22:13:39] [Worker-Main-8/INFO]: Preparing spawn area: 0%
[22:13:39] [Worker-Main-7/INFO]: Preparing spawn area: 0%
[22:13:40] [Worker-Main-8/INFO]: Preparing spawn area: 1%
[22:13:40] [Worker-Main-8/INFO]: Preparing spawn area: 4%
[22:13:41] [Worker-Main-8/INFO]: Preparing spawn area: 4%
[22:13:41] [Server thread/FATAL]: Failed to schedule load callback for chunk [9, -2]
java.util.concurrent.CompletionException: java.lang.IllegalStateException: Already queued
	at java.util.concurrent.CompletableFuture.encodeThrowable(Unknown Source) ~[?:1.8.0_291]
	at java.util.concurrent.CompletableFuture.completeThrowable(Unknown Source) ~[?:1.8.0_291]
	at java.util.concurrent.CompletableFuture.uniAccept(Unknown Source) ~[?:1.8.0_291]
	at java.util.concurrent.CompletableFuture$UniAccept.tryFire(Unknown Source) ~[?:1.8.0_291]
	at java.util.concurrent.CompletableFuture.postComplete(Unknown Source) ~[?:1.8.0_291]
	at java.util.concurrent.CompletableFuture.postFire(Unknown Source) ~[?:1.8.0_291]
	at java.util.concurrent.CompletableFuture$UniApply.tryFire(Unknown Source) ~[?:1.8.0_291]
	at java.util.concurrent.CompletableFuture$Completion.run(Unknown Source) ~[?:1.8.0_291]
	at net.minecraft.server.v1_16_R2.ChunkTaskQueueSorter.b(SourceFile:58) ~[spigot-1.16.3.jar:git-Spigot-2740d5a-890130b]
	at net.minecraft.server.v1_16_R2.IAsyncTaskHandler.executeTask(SourceFile:144) ~[spigot-1.16.3.jar:git-Spigot-2740d5a-890130b]
	at net.minecraft.server.v1_16_R2.ChunkProviderServer$a.executeTask(ChunkProviderServer.java:553) ~[spigot-1.16.3.jar:git-Spigot-2740d5a-890130b]
	at net.minecraft.server.v1_16_R2.IAsyncTaskHandler.executeNext(SourceFile:118) ~[spigot-1.16.3.jar:git-Spigot-2740d5a-890130b]
	at net.minecraft.server.v1_16_R2.ChunkProviderServer$a.executeNext(ChunkProviderServer.java:564) ~[spigot-1.16.3.jar:git-Spigot-2740d5a-890130b]
	at net.minecraft.server.v1_16_R2.ChunkProviderServer.runTasks(ChunkProviderServer.java:261) ~[spigot-1.16.3.jar:git-Spigot-2740d5a-890130b]
	at net.minecraft.server.v1_16_R2.MinecraftServer.ba(MinecraftServer.java:950) ~[spigot-1.16.3.jar:git-Spigot-2740d5a-890130b]
	at net.minecraft.server.v1_16_R2.MinecraftServer.executeNext(MinecraftServer.java:934) ~[spigot-1.16.3.jar:git-Spigot-2740d5a-890130b]
	at net.minecraft.server.v1_16_R2.IAsyncTaskHandler.executeAll(SourceFile:103) ~[spigot-1.16.3.jar:git-Spigot-2740d5a-890130b]
	at net.minecraft.server.v1_16_R2.MinecraftServer.executeModerately(MinecraftServer.java:911) ~[spigot-1.16.3.jar:git-Spigot-2740d5a-890130b]
	at net.minecraft.server.v1_16_R2.MinecraftServer.loadSpawn(MinecraftServer.java:596) ~[spigot-1.16.3.jar:git-Spigot-2740d5a-890130b]
	at net.minecraft.server.v1_16_R2.MinecraftServer.loadWorld(MinecraftServer.java:431) ~[spigot-1.16.3.jar:git-Spigot-2740d5a-890130b]
	at net.minecraft.server.v1_16_R2.DedicatedServer.init(DedicatedServer.java:216) ~[spigot-1.16.3.jar:git-Spigot-2740d5a-890130b]
	at net.minecraft.server.v1_16_R2.MinecraftServer.w(MinecraftServer.java:808) ~[spigot-1.16.3.jar:git-Spigot-2740d5a-890130b]
	at net.minecraft.server.v1_16_R2.MinecraftServer.lambda$0(MinecraftServer.java:164) ~[spigot-1.16.3.jar:git-Spigot-2740d5a-890130b]
	at java.lang.Thread.run(Unknown Source) [?:1.8.0_291]
Caused by: java.lang.IllegalStateException: Already queued
	at net.minecraft.server.v1_16_R2.PlayerChunkMap$CallbackExecutor.execute(PlayerChunkMap.java:88) ~[spigot-1.16.3.jar:git-Spigot-2740d5a-890130b]
	at net.minecraft.server.v1_16_R2.PlayerChunk.lambda$12(PlayerChunk.java:383) ~[spigot-1.16.3.jar:git-Spigot-2740d5a-890130b]
	... 22 more
[22:13:41] [Worker-Main-7/INFO]: Preparing spawn area: 8%
[22:13:42] [Worker-Main-4/INFO]: Preparing spawn area: 9%
[22:13:42] [Worker-Main-7/INFO]: Preparing spawn area: 10%
[22:13:43] [Worker-Main-4/INFO]: Preparing spawn area: 13%
[22:13:43] [Worker-Main-7/INFO]: Preparing spawn area: 13%
[22:13:44] [Worker-Main-7/INFO]: Preparing spawn area: 15%
[22:13:44] [Worker-Main-7/INFO]: Preparing spawn area: 18%
[22:13:45] [Worker-Main-8/INFO]: Preparing spawn area: 22%
[22:13:45] [Worker-Main-8/INFO]: Preparing spawn area: 22%
[22:13:46] [Worker-Main-8/INFO]: Preparing spawn area: 25%
[22:13:46] [Worker-Main-8/INFO]: Preparing spawn area: 25%
[22:13:47] [Worker-Main-4/INFO]: Preparing spawn area: 31%
[22:13:47] [Worker-Main-4/INFO]: Preparing spawn area: 36%
[22:13:48] [Worker-Main-4/INFO]: Preparing spawn area: 37%
[22:13:48] [Worker-Main-4/INFO]: Preparing spawn area: 37%
[22:13:49] [Worker-Main-4/INFO]: Preparing spawn area: 45%
[22:13:49] [Worker-Main-4/INFO]: Preparing spawn area: 45%
[22:13:50] [Worker-Main-8/INFO]: Preparing spawn area: 54%
[22:13:50] [Worker-Main-4/INFO]: Preparing spawn area: 56%
[22:13:51] [Worker-Main-7/INFO]: Preparing spawn area: 61%
[22:13:51] [Worker-Main-7/INFO]: Preparing spawn area: 70%
[22:13:52] [Worker-Main-4/INFO]: Preparing spawn area: 75%
[22:13:52] [Worker-Main-4/INFO]: Preparing spawn area: 82%
[22:13:53] [Worker-Main-7/INFO]: Preparing spawn area: 86%
[22:13:53] [Worker-Main-7/INFO]: Preparing spawn area: 92%
[22:13:54] [Server thread/INFO]: Time elapsed: 15498 ms
[22:13:54] [Server thread/INFO]: Preparing start region for dimension minecraft:the_nether
[22:13:54] [Worker-Main-8/INFO]: Preparing spawn area: 0%
[22:13:54] [Worker-Main-4/INFO]: Preparing spawn area: 2%
[22:13:55] [Worker-Main-7/INFO]: Preparing spawn area: 4%
[22:13:55] [Worker-Main-8/INFO]: Preparing spawn area: 15%
[22:13:56] [Worker-Main-8/INFO]: Preparing spawn area: 22%
[22:13:56] [Worker-Main-4/INFO]: Preparing spawn area: 32%
[22:13:57] [Worker-Main-4/INFO]: Preparing spawn area: 40%
[22:13:57] [Worker-Main-8/INFO]: Preparing spawn area: 45%
[22:13:58] [Worker-Main-7/INFO]: Preparing spawn area: 54%
[22:13:58] [Worker-Main-8/INFO]: Preparing spawn area: 56%
[22:13:59] [Worker-Main-4/INFO]: Preparing spawn area: 72%
[22:13:59] [Worker-Main-8/INFO]: Preparing spawn area: 83%
[22:14:00] [Worker-Main-7/INFO]: Preparing spawn area: 85%
[22:14:00] [Worker-Main-7/INFO]: Preparing spawn area: 96%
[22:14:00] [Server thread/INFO]: Time elapsed: 6567 ms
[22:14:00] [Server thread/INFO]: Preparing start region for dimension minecraft:the_end
[22:14:00] [Worker-Main-4/INFO]: Preparing spawn area: 0%
[22:14:01] [Worker-Main-4/INFO]: Preparing spawn area: 9%
[22:14:01] [Worker-Main-7/INFO]: Preparing spawn area: 43%
[22:14:02] [Worker-Main-8/INFO]: Preparing spawn area: 72%
[22:14:02] [Server thread/INFO]: Time elapsed: 1755 ms
[22:14:02] [Server thread/INFO]: [SetSpawn] Enabling SetSpawn v3.4
[22:14:02] [Server thread/INFO]: [SetSpawn] Enabled!
[22:14:02] [Server thread/INFO]: [RaspberryJuice] Enabling RaspberryJuice v1.12.1
[22:14:02] [Server thread/INFO]: [RaspberryJuice] Using host:port - 0.0.0.0:4711
[22:14:02] [Server thread/INFO]: [RaspberryJuice] Using RELATIVE locations
[22:14:02] [Server thread/INFO]: [RaspberryJuice] Using RIGHT clicks for hits
[22:14:02] [Server thread/INFO]: [RaspberryJuice] ThreadListener Started
[22:14:02] [Server thread/INFO]: Server permissions file permissions.yml is empty, ignoring it
[22:14:02] [Server thread/INFO]: Done (31.799s)! For help, type "help"
[22:15:39] [User Authenticator #1/INFO]: UUID of player TeFlesh42 is 8b81bca6-4079-4bf9-9593-70709424382a
[22:15:40] [Server thread/INFO]: Welcome TeFlesh42[m
[22:15:40] [Server thread/INFO]: TeFlesh42[/127.0.0.1:56120] logged in with entity id 389 at ([world]-134.6552532691323, 103.0, 105.10249726261988)
[22:20:51] [Thread-17/INFO]: [RaspberryJuice] Starting input thread
[22:20:51] [Thread-12/INFO]: [RaspberryJuice] Opened connection to/127.0.0.1:55562.
[22:20:51] [Thread-18/INFO]: [RaspberryJuice] Starting output thread!
[22:21:12] [Server thread/WARN]: [RaspberryJuice] Over 9000 commands were queued - deferring 3729 to next tick
[22:21:12] [Server thread/WARN]: [RaspberryJuice] Over 9000 commands were queued - deferring 5126 to next tick
[22:21:12] [Server thread/WARN]: [RaspberryJuice] Over 9000 commands were queued - deferring 3823 to next tick
[22:21:14] [Server thread/WARN]: [RaspberryJuice] Over 9000 commands were queued - deferring 3570 to next tick
[22:21:14] [Server thread/WARN]: [RaspberryJuice] Over 9000 commands were queued - deferring 5353 to next tick
[22:21:15] [Server thread/WARN]: [RaspberryJuice] Over 9000 commands were queued - deferring 5708 to next tick
[22:21:15] [Server thread/WARN]: [RaspberryJuice] Over 9000 commands were queued - deferring 2868 to next tick
[22:21:15] [Server thread/WARN]: [RaspberryJuice] Over 9000 commands were queued - deferring 1504 to next tick
[22:21:16] [Server thread/WARN]: [RaspberryJuice] Over 9000 commands were queued - deferring 2859 to next tick
[22:21:16] [Server thread/WARN]: [RaspberryJuice] Over 9000 commands were queued - deferring 4527 to next tick
[22:21:16] [Server thread/WARN]: [RaspberryJuice] Over 9000 commands were queued - deferring 1962 to next tick
[22:21:17] [Server thread/WARN]: Can't keep up! Is the server overloaded? Running 5003ms or 100 ticks behind
[22:21:19] [Server thread/WARN]: [RaspberryJuice] Over 9000 commands were queued - deferring 7017 to next tick
[22:21:20] [Server thread/WARN]: [RaspberryJuice] Over 9000 commands were queued - deferring 13916 to next tick
[22:21:20] [Server thread/WARN]: [RaspberryJuice] Over 9000 commands were queued - deferring 15289 to next tick
[22:21:20] [Server thread/WARN]: [RaspberryJuice] Over 9000 commands were queued - deferring 12072 to next tick
[22:21:20] [Server thread/WARN]: [RaspberryJuice] Over 9000 commands were queued - deferring 7973 to next tick
[22:21:20] [Server thread/WARN]: [RaspberryJuice] Over 9000 commands were queued - deferring 3774 to next tick
[22:21:21] [Server thread/WARN]: [RaspberryJuice] Over 9000 commands were queued - deferring 2090 to next tick
[22:21:21] [Server thread/WARN]: [RaspberryJuice] Over 9000 commands were queued - deferring 5231 to next tick
[22:21:22] [Server thread/WARN]: [RaspberryJuice] Over 9000 commands were queued - deferring 4695 to next tick
[22:21:22] [Server thread/WARN]: [RaspberryJuice] Over 9000 commands were queued - deferring 1788 to next tick
[22:21:22] [Server thread/INFO]: [RaspberryJuice] Closed connection to/127.0.0.1:55562.
[22:21:59] [Thread-12/INFO]: [RaspberryJuice] Opened connection to/127.0.0.1:55567.
[22:21:59] [Thread-19/INFO]: [RaspberryJuice] Starting input thread
[22:21:59] [Thread-20/INFO]: [RaspberryJuice] Starting output thread!
[22:21:59] [Server thread/INFO]: [RaspberryJuice] Closed connection to/127.0.0.1:55567.
[22:22:22] [Thread-12/INFO]: [RaspberryJuice] Opened connection to/127.0.0.1:55571.
[22:22:22] [Thread-21/INFO]: [RaspberryJuice] Starting input thread
[22:22:22] [Thread-22/INFO]: [RaspberryJuice] Starting output thread!
[22:22:22] [Server thread/INFO]: [RaspberryJuice] Closed connection to/127.0.0.1:55571.
[22:28:35] [Thread-12/INFO]: [RaspberryJuice] Opened connection to/127.0.0.1:56379.
[22:28:35] [Thread-29/INFO]: [RaspberryJuice] Starting input thread
[22:28:35] [Thread-30/INFO]: [RaspberryJuice] Starting output thread!
[22:28:35] [Server thread/INFO]: [RaspberryJuice] Closed connection to/127.0.0.1:56379.
[22:30:57] [Thread-12/INFO]: [RaspberryJuice] Opened connection to/127.0.0.1:56385.
[22:30:57] [Thread-33/INFO]: [RaspberryJuice] Starting input thread
[22:30:57] [Thread-34/INFO]: [RaspberryJuice] Starting output thread!
[22:30:57] [Server thread/INFO]: [RaspberryJuice] Closed connection to/127.0.0.1:56385.
[22:31:17] [Thread-12/INFO]: [RaspberryJuice] Opened connection to/127.0.0.1:56389.
[22:31:17] [Thread-35/INFO]: [RaspberryJuice] Starting input thread
[22:31:17] [Thread-36/INFO]: [RaspberryJuice] Starting output thread!
[22:31:17] [Server thread/INFO]: [RaspberryJuice] Closed connection to/127.0.0.1:56389.
[22:31:24] [Thread-12/INFO]: [RaspberryJuice] Opened connection to/127.0.0.1:56390.
[22:31:24] [Thread-37/INFO]: [RaspberryJuice] Starting input thread
[22:31:24] [Thread-38/INFO]: [RaspberryJuice] Starting output thread!
[22:31:24] [Server thread/INFO]: [RaspberryJuice] Closed connection to/127.0.0.1:56390.
[22:31:50] [Thread-12/INFO]: [RaspberryJuice] Opened connection to/127.0.0.1:56396.
[22:31:50] [Thread-39/INFO]: [RaspberryJuice] Starting input thread
[22:31:50] [Thread-40/INFO]: [RaspberryJuice] Starting output thread!
[22:31:50] [Server thread/INFO]: [RaspberryJuice] Closed connection to/127.0.0.1:56396.
[22:32:05] [Thread-12/INFO]: [RaspberryJuice] Opened connection to/127.0.0.1:56400.
[22:32:05] [Thread-41/INFO]: [RaspberryJuice] Starting input thread
[22:32:05] [Thread-42/INFO]: [RaspberryJuice] Starting output thread!
[22:32:05] [Server thread/INFO]: [RaspberryJuice] Closed connection to/127.0.0.1:56400.
[22:32:26] [Thread-12/INFO]: [RaspberryJuice] Opened connection to/127.0.0.1:65315.
[22:32:26] [Thread-43/INFO]: [RaspberryJuice] Starting input thread
[22:32:26] [Thread-44/INFO]: [RaspberryJuice] Starting output thread!
[22:32:26] [Server thread/INFO]: [RaspberryJuice] Closed connection to/127.0.0.1:65315.
[22:33:45] [Thread-12/INFO]: [RaspberryJuice] Opened connection to/127.0.0.1:61070.
[22:33:45] [Thread-45/INFO]: [RaspberryJuice] Starting input thread
[22:33:45] [Thread-46/INFO]: [RaspberryJuice] Starting output thread!
[22:33:45] [Server thread/INFO]: [RaspberryJuice] Closed connection to/127.0.0.1:61070.
[22:33:53] [Thread-12/INFO]: [RaspberryJuice] Opened connection to/127.0.0.1:61071.
[22:33:53] [Thread-47/INFO]: [RaspberryJuice] Starting input thread
[22:33:53] [Thread-48/INFO]: [RaspberryJuice] Starting output thread!
[22:33:53] [Server thread/INFO]: [RaspberryJuice] Closed connection to/127.0.0.1:61071.
[22:34:03] [Thread-12/INFO]: [RaspberryJuice] Opened connection to/127.0.0.1:61075.
[22:34:03] [Thread-49/INFO]: [RaspberryJuice] Starting input thread
[22:34:03] [Thread-50/INFO]: [RaspberryJuice] Starting output thread!
[22:34:03] [Server thread/INFO]: [RaspberryJuice] Closed connection to/127.0.0.1:61075.
[22:34:13] [Thread-12/INFO]: [RaspberryJuice] Opened connection to/127.0.0.1:61077.
[22:34:13] [Thread-56/INFO]: [RaspberryJuice] Starting input thread
[22:34:13] [Thread-57/INFO]: [RaspberryJuice] Starting output thread!
[22:34:13] [Server thread/INFO]: [RaspberryJuice] Closed connection to/127.0.0.1:61077.
